<?xml version="1.0" encoding="UTF-8"?>
<testsuite xmlns:xsi="http://www.w3.org/2001/XMLSchema-instance" xsi:noNamespaceSchemaLocation="https://maven.apache.org/surefire/maven-surefire-plugin/xsd/surefire-test-report.xsd" name="com.xc.takeaway.TakeawayApplicationTests" time="0.634" tests="1" errors="1" skipped="0" failures="0">
  <properties>
[...]
</properties>
  <testcase name="com.xc.takeaway.TakeawayApplicationTests" classname="com.xc.takeaway.TakeawayApplicationTests" time="0.633">
    <error message="Found multiple @SpringBootConfiguration annotated classes [Generic bean: class [com.xc.takeaway.TakeawayApplication]; scope=; abstract=false; lazyInit=null; autowireMode=0; dependencyCheck=0; autowireCandidate=true; primary=false; factoryBeanName=null; factoryMethodName=null; initMethodName=null; destroyMethodName=null; defined in file [F:\IntelliJ IDEA 2020.1\project\takeaway\target\classes\com\xc\takeaway\TakeawayApplication.class], Generic bean: class [com.xc.takeaway.WebAppConfig]; scope=; abstract=false; lazyInit=null; autowireMode=0; dependencyCheck=0; autowireCandidate=true; primary=false; factoryBeanName=null; factoryMethodName=null; initMethodName=null; destroyMethodName=null; defined in file [F:\IntelliJ IDEA 2020.1\project\takeaway\target\classes\com\xc\takeaway\WebAppConfig.class]]" type="java.lang.IllegalStateException">java.lang.IllegalStateException: Found multiple @SpringBootConfiguration annotated classes [Generic bean: class [com.xc.takeaway.TakeawayApplication]; scope=; abstract=false; lazyInit=null; autowireMode=0; dependencyCheck=0; autowireCandidate=true; primary=false; factoryBeanName=null; factoryMethodName=null; initMethodName=null; destroyMethodName=null; defined in file [F:\IntelliJ IDEA 2020.1\project\takeaway\target\classes\com\xc\takeaway\TakeawayApplication.class], Generic bean: class [com.xc.takeaway.WebAppConfig]; scope=; abstract=false; lazyInit=null; autowireMode=0; dependencyCheck=0; autowireCandidate=true; primary=false; factoryBeanName=null; factoryMethodName=null; initMethodName=null; destroyMethodName=null; defined in file [F:\IntelliJ IDEA 2020.1\project\takeaway\target\classes\com\xc\takeaway\WebAppConfig.class]]
</error>
    <system-out><![CDATA[15:49:32.817 [main] DEBUG org.springframework.test.context.BootstrapUtils - Instantiating CacheAwareContextLoaderDelegate from class [org.springframework.test.context.cache.DefaultCacheAwareContextLoaderDelegate]
15:49:32.868 [main] DEBUG org.springframework.test.context.BootstrapUtils - Instantiating BootstrapContext using constructor [public org.springframework.test.context.support.DefaultBootstrapContext(java.lang.Class,org.springframework.test.context.CacheAwareContextLoaderDelegate)]
15:49:32.908 [main] DEBUG org.springframework.test.context.BootstrapUtils - Instantiating TestContextBootstrapper for test class [com.xc.takeaway.TakeawayApplicationTests] from class [org.springframework.boot.test.context.SpringBootTestContextBootstrapper]
15:49:32.951 [main] INFO org.springframework.boot.test.context.SpringBootTestContextBootstrapper - Neither @ContextConfiguration nor @ContextHierarchy found for test class [com.xc.takeaway.TakeawayApplicationTests], using SpringBootContextLoader
15:49:32.958 [main] DEBUG org.springframework.test.context.support.AbstractContextLoader - Did not detect default resource location for test class [com.xc.takeaway.TakeawayApplicationTests]: class path resource [com/xc/takeaway/TakeawayApplicationTests-context.xml] does not exist
15:49:32.960 [main] DEBUG org.springframework.test.context.support.AbstractContextLoader - Did not detect default resource location for test class [com.xc.takeaway.TakeawayApplicationTests]: class path resource [com/xc/takeaway/TakeawayApplicationTestsContext.groovy] does not exist
15:49:32.961 [main] INFO org.springframework.test.context.support.AbstractContextLoader - Could not detect default resource locations for test class [com.xc.takeaway.TakeawayApplicationTests]: no resource found for suffixes {-context.xml, Context.groovy}.
15:49:32.964 [main] INFO org.springframework.test.context.support.AnnotationConfigContextLoaderUtils - Could not detect default configuration classes for test class [com.xc.takeaway.TakeawayApplicationTests]: TakeawayApplicationTests does not declare any static, non-private, non-final, nested classes annotated with @Configuration.
15:49:33.036 [main] DEBUG org.springframework.test.context.support.ActiveProfilesUtils - Could not find an 'annotation declaring class' for annotation type [org.springframework.test.context.ActiveProfiles] and class [com.xc.takeaway.TakeawayApplicationTests]
15:49:33.157 [main] DEBUG org.springframework.context.annotation.ClassPathScanningCandidateComponentProvider - Identified candidate component class: file [F:\IntelliJ IDEA 2020.1\project\takeaway\target\classes\com\xc\takeaway\TakeawayApplication.class]
15:49:33.172 [main] DEBUG org.springframework.context.annotation.ClassPathScanningCandidateComponentProvider - Identified candidate component class: file [F:\IntelliJ IDEA 2020.1\project\takeaway\target\classes\com\xc\takeaway\WebAppConfig.class]
15:49:33.175 [main] DEBUG org.springframework.test.context.BootstrapUtils - Instantiating CacheAwareContextLoaderDelegate from class [org.springframework.test.context.cache.DefaultCacheAwareContextLoaderDelegate]
15:49:33.175 [main] DEBUG org.springframework.test.context.BootstrapUtils - Instantiating BootstrapContext using constructor [public org.springframework.test.context.support.DefaultBootstrapContext(java.lang.Class,org.springframework.test.context.CacheAwareContextLoaderDelegate)]
15:49:33.177 [main] DEBUG org.springframework.test.context.BootstrapUtils - Instantiating TestContextBootstrapper for test class [com.xc.takeaway.TakeawayApplicationTests] from class [org.springframework.boot.test.context.SpringBootTestContextBootstrapper]
15:49:33.179 [main] INFO org.springframework.boot.test.context.SpringBootTestContextBootstrapper - Neither @ContextConfiguration nor @ContextHierarchy found for test class [com.xc.takeaway.TakeawayApplicationTests], using SpringBootContextLoader
15:49:33.181 [main] DEBUG org.springframework.test.context.support.AbstractContextLoader - Did not detect default resource location for test class [com.xc.takeaway.TakeawayApplicationTests]: class path resource [com/xc/takeaway/TakeawayApplicationTests-context.xml] does not exist
15:49:33.182 [main] DEBUG org.springframework.test.context.support.AbstractContextLoader - Did not detect default resource location for test class [com.xc.takeaway.TakeawayApplicationTests]: class path resource [com/xc/takeaway/TakeawayApplicationTestsContext.groovy] does not exist
15:49:33.184 [main] INFO org.springframework.test.context.support.AbstractContextLoader - Could not detect default resource locations for test class [com.xc.takeaway.TakeawayApplicationTests]: no resource found for suffixes {-context.xml, Context.groovy}.
15:49:33.185 [main] INFO org.springframework.test.context.support.AnnotationConfigContextLoaderUtils - Could not detect default configuration classes for test class [com.xc.takeaway.TakeawayApplicationTests]: TakeawayApplicationTests does not declare any static, non-private, non-final, nested classes annotated with @Configuration.
15:49:33.188 [main] DEBUG org.springframework.test.context.support.ActiveProfilesUtils - Could not find an 'annotation declaring class' for annotation type [org.springframework.test.context.ActiveProfiles] and class [com.xc.takeaway.TakeawayApplicationTests]
15:49:33.199 [main] DEBUG org.springframework.context.annotation.ClassPathScanningCandidateComponentProvider - Identified candidate component class: file [F:\IntelliJ IDEA 2020.1\project\takeaway\target\classes\com\xc\takeaway\TakeawayApplication.class]
15:49:33.201 [main] DEBUG org.springframework.context.annotation.ClassPathScanningCandidateComponentProvider - Identified candidate component class: file [F:\IntelliJ IDEA 2020.1\project\takeaway\target\classes\com\xc\takeaway\WebAppConfig.class]
15:49:33.203 [main] DEBUG org.springframework.test.context.BootstrapUtils - Instantiating CacheAwareContextLoaderDelegate from class [org.springframework.test.context.cache.DefaultCacheAwareContextLoaderDelegate]
15:49:33.205 [main] DEBUG org.springframework.test.context.BootstrapUtils - Instantiating BootstrapContext using constructor [public org.springframework.test.context.support.DefaultBootstrapContext(java.lang.Class,org.springframework.test.context.CacheAwareContextLoaderDelegate)]
15:49:33.206 [main] DEBUG org.springframework.test.context.BootstrapUtils - Instantiating TestContextBootstrapper for test class [com.xc.takeaway.TakeawayApplicationTests] from class [org.springframework.boot.test.context.SpringBootTestContextBootstrapper]
15:49:33.209 [main] INFO org.springframework.boot.test.context.SpringBootTestContextBootstrapper - Neither @ContextConfiguration nor @ContextHierarchy found for test class [com.xc.takeaway.TakeawayApplicationTests], using SpringBootContextLoader
15:49:33.217 [main] DEBUG org.springframework.test.context.support.AbstractContextLoader - Did not detect default resource location for test class [com.xc.takeaway.TakeawayApplicationTests]: class path resource [com/xc/takeaway/TakeawayApplicationTests-context.xml] does not exist
15:49:33.219 [main] DEBUG org.springframework.test.context.support.AbstractContextLoader - Did not detect default resource location for test class [com.xc.takeaway.TakeawayApplicationTests]: class path resource [com/xc/takeaway/TakeawayApplicationTestsContext.groovy] does not exist
15:49:33.221 [main] INFO org.springframework.test.context.support.AbstractContextLoader - Could not detect default resource locations for test class [com.xc.takeaway.TakeawayApplicationTests]: no resource found for suffixes {-context.xml, Context.groovy}.
15:49:33.222 [main] INFO org.springframework.test.context.support.AnnotationConfigContextLoaderUtils - Could not detect default configuration classes for test class [com.xc.takeaway.TakeawayApplicationTests]: TakeawayApplicationTests does not declare any static, non-private, non-final, nested classes annotated with @Configuration.
15:49:33.227 [main] DEBUG org.springframework.test.context.support.ActiveProfilesUtils - Could not find an 'annotation declaring class' for annotation type [org.springframework.test.context.ActiveProfiles] and class [com.xc.takeaway.TakeawayApplicationTests]
15:49:33.238 [main] DEBUG org.springframework.context.annotation.ClassPathScanningCandidateComponentProvider - Identified candidate component class: file [F:\IntelliJ IDEA 2020.1\project\takeaway\target\classes\com\xc\takeaway\TakeawayApplication.class]
15:49:33.241 [main] DEBUG org.springframework.context.annotation.ClassPathScanningCandidateComponentProvider - Identified candidate component class: file [F:\IntelliJ IDEA 2020.1\project\takeaway\target\classes\com\xc\takeaway\WebAppConfig.class]
]]></system-out>
  </testcase>
</testsuite>